<?xml version="1.0" encoding="UTF-8"?>
<!-- Generated by org.testng.reporters.JUnitXMLReporter -->
<testsuite ignored="0" hostname="DESKTOP-KBMLCT9" failures="0" tests="8" name="Diff Ways to create json body" time="3.896" errors="0" timestamp="2023-05-11T18:05:18 IST">
  <testcase classname="diffwaystocreatebodyinrequests.Creating_Post_Req_With_Hashmap" name="post_Body_with_HashMap" time="2.31"/>
  <testcase classname="diffwaystocreatebodyinrequests.Creating_Post_Req_With_Hashmap" name="deleteRequest" time="0.108"/>
  <testcase classname="diffwaystocreatebodyinrequests.Creating_Post_Req_With_JSON" name="post_Body_with_Json" time="0.349"/>
  <testcase classname="diffwaystocreatebodyinrequests.Creating_Post_Req_With_JSON" name="deleteRequest" time="0.13"/>
  <testcase classname="diffwaystocreatebodyinrequests.Creating_Post_Req_With_POJO" name="post_Body_with_POJO" time="0.45"/>
  <testcase classname="diffwaystocreatebodyinrequests.Creating_Post_Req_With_POJO" name="deleteRequest" time="0.034"/>
  <testcase classname="diffwaystocreatebodyinrequests.Creating_Post_Req_With_External_Json_File" name="post_Body_with_External_Json_File" time="0.338"/>
  <testcase classname="diffwaystocreatebodyinrequests.Creating_Post_Req_With_External_Json_File" name="deleteRequest" time="0.103"/>
</testsuite> <!-- Diff Ways to create json body -->
