<?xml version="1.0" encoding="UTF-8"?>
<!-- Generated by org.testng.reporters.JUnitXMLReporter -->
<testsuite ignored="0" hostname="DESKTOP-KBMLCT9" failures="0" tests="4" name="HTTP Request" time="3.254" errors="0" timestamp="2023-05-11T18:05:14 IST">
  <testcase classname="http_Requests.GETRequest" name="getRequest" time="2.184"/>
  <testcase classname="http_Requests.POSTRequest" name="postRequest" time="0.842"/>
  <testcase classname="http_Requests.PUTRequest" name="putRequest" time="0.07"/>
  <testcase classname="http_Requests.DELETERequest" name="deleteRequest" time="0.074"/>
</testsuite> <!-- HTTP Request -->
