<?xml version="1.0" encoding="UTF-8"?>
<!-- Generated by org.testng.reporters.JUnitXMLReporter -->
<testsuite ignored="0" hostname="DESKTOP-KBMLCT9" failures="0" tests="4" name="Validations" time="5.516" errors="0" timestamp="2023-05-11T18:05:23 IST">
  <testcase classname="validations.Query_And_Path_Parameters" name="query_and_path_parameters" time="0.11"/>
  <testcase classname="validations.Cookies_Validations" name="getCookiesInfo" time="4.537"/>
  <testcase classname="validations.Headers_Validations" name="getHeaderInfo" time="0.694"/>
  <testcase classname="validations.Logging" name="logging" time="0.13"/>
</testsuite> <!-- Validations -->
