<?xml version="1.0" encoding="UTF-8"?>
<testng-results ignored="0" total="1" passed="1" failed="0" skipped="0">
  <reporter-output>
  </reporter-output>
  <suite started-at="2023-05-17T16:51:45 IST" name="Default suite" finished-at="2023-05-17T16:51:52 IST" duration-ms="6738">
    <groups>
    </groups>
    <test started-at="2023-05-17T16:51:45 IST" name="Default test" finished-at="2023-05-17T16:51:52 IST" duration-ms="6738">
      <class name="goRest.POST">
        <test-method signature="postUser()[pri:0, instance:goRest.POST@56cdfb3b]" started-at="2023-05-17T16:51:45 IST" name="postUser" finished-at="2023-05-17T16:51:52 IST" duration-ms="6674" status="PASS">
          <reporter-output>
          </reporter-output>
        </test-method> <!-- postUser -->
      </class> <!-- goRest.POST -->
    </test> <!-- Default test -->
  </suite> <!-- Default suite -->
</testng-results>
